0 info it worked if it ends with ok
1 verbose cli [ 'F:\\node.exe',
1 verbose cli   'F:\\node_modules\\npm\\bin\\npm-cli.js',
1 verbose cli   'run',
1 verbose cli   'dev' ]
2 info using npm@4.1.2
3 info using node@v7.7.3
4 verbose stack Error: missing script: dev
4 verbose stack     at run (F:\node_modules\npm\lib\run-script.js:151:19)
4 verbose stack     at F:\node_modules\npm\lib\run-script.js:61:5
4 verbose stack     at F:\node_modules\npm\node_modules\read-package-json\read-json.js:356:5
4 verbose stack     at checkBinReferences_ (F:\node_modules\npm\node_modules\read-package-json\read-json.js:320:45)
4 verbose stack     at final (F:\node_modules\npm\node_modules\read-package-json\read-json.js:354:3)
4 verbose stack     at then (F:\node_modules\npm\node_modules\read-package-json\read-json.js:124:5)
4 verbose stack     at F:\node_modules\npm\node_modules\read-package-json\read-json.js:243:12
4 verbose stack     at F:\node_modules\npm\node_modules\graceful-fs\graceful-fs.js:78:16
4 verbose stack     at tryToString (fs.js:448:3)
4 verbose stack     at FSReqWrap.readFileAfterClose [as oncomplete] (fs.js:435:12)
5 verbose cwd G:\云华\肇庆益华国际中心\node0（2018.10.27交付版）
6 error Windows_NT 10.0.14393
7 error argv "F:\\node.exe" "F:\\node_modules\\npm\\bin\\npm-cli.js" "run" "dev"
8 error node v7.7.3
9 error npm  v4.1.2
10 error missing script: dev
11 error If you need help, you may report this error at:
11 error     <https://github.com/npm/npm/issues>
12 verbose exit [ 1, true ]
